<?xml version="1.0" encoding="UTF-8"?>
<testsuite xmlns:xsi="http://www.w3.org/2001/XMLSchema-instance" xsi:noNamespaceSchemaLocation="https://maven.apache.org/surefire/maven-surefire-plugin/xsd/surefire-test-report.xsd" name="com.hill.ext.demo.dubbo.client.test.SayHelloClientTest" time="1.79" tests="1" errors="0" skipped="0" failures="0">
  <properties>
[...]
</properties>
  <testcase name="sayHelloTest" classname="com.hill.ext.demo.dubbo.client.test.SayHelloClientTest" time="0.157"/>
</testsuite>